[2021-08-02 13:15:38,878] multiqc                                            [DEBUG  ]  No MultiQC config found: /home/administrator/anaconda2/envs/multiqc/lib/python3.6/site-packages/multiqc_config.yaml
[2021-08-02 13:15:38,878] multiqc                                            [DEBUG  ]  No MultiQC config found: /home/administrator/.multiqc_config.yaml
[2021-08-02 13:15:38,878] multiqc                                            [DEBUG  ]  No MultiQC config found: multiqc_config.yaml
[2021-08-02 13:15:38,878] multiqc                                            [DEBUG  ]  Command used: /home/administrator/anaconda2/envs/multiqc/bin/multiqc ./STAR_mapped/Lvr_11Log.final.out ./STAR_mapped/Lvr_4Log.final.out ./STAR_mapped/ODPE_1Log.final.out ./STAR_mapped/ODPE_2Log.final.out ./STAR_mapped/ODPE_3Log.final.out ./STAR_mapped/ODPE_4Log.final.out ./STAR_mapped/Panc_1Log.final.out ./STAR_mapped/Panc_2Log.final.out ./STAR_mapped/Pnc_11Log.final.out ./STAR_mapped/Pnc_4Log.final.out ./STAR_mapped/RVG_11Log.final.out ./STAR_mapped/RVG_4Log.final.out ./STAR_mapped/Skin_1Log.final.out ./STAR_mapped/Skin_2Log.final.out ./STAR_mapped/Skn_11Log.final.out ./STAR_mapped/Skn_4Log.final.out ./STAR_mapped/Stom_1Log.final.out ./STAR_mapped/Stom_2Log.final.out ./STAR_mapped/TDPE_1Log.final.out ./STAR_mapped/TDPE_2Log.final.out ./STAR_mapped/TDPE_3Log.final.out ./STAR_mapped/TDPE_4Log.final.out ./STAR_mapped/Un1Log.final.out ./STAR_mapped/Un2Log.final.out ./STAR_mapped/Unext_1Log.final.out ./STAR_mapped/Unext_2Log.final.out ./STAR_mapped/Unext_3Log.final.out ./STAR_mapped/Unext_4Log.final.out
[2021-08-02 13:15:39,817] multiqc                                            [WARNING]  MultiQC Version v1.11 now available!
[2021-08-02 13:15:39,818] multiqc                                            [INFO   ]  This is MultiQC v1.9
[2021-08-02 13:15:39,818] multiqc                                            [DEBUG  ]  Command     : /home/administrator/anaconda2/envs/multiqc/bin/multiqc ./STAR_mapped/Lvr_11Log.final.out ./STAR_mapped/Lvr_4Log.final.out ./STAR_mapped/ODPE_1Log.final.out ./STAR_mapped/ODPE_2Log.final.out ./STAR_mapped/ODPE_3Log.final.out ./STAR_mapped/ODPE_4Log.final.out ./STAR_mapped/Panc_1Log.final.out ./STAR_mapped/Panc_2Log.final.out ./STAR_mapped/Pnc_11Log.final.out ./STAR_mapped/Pnc_4Log.final.out ./STAR_mapped/RVG_11Log.final.out ./STAR_mapped/RVG_4Log.final.out ./STAR_mapped/Skin_1Log.final.out ./STAR_mapped/Skin_2Log.final.out ./STAR_mapped/Skn_11Log.final.out ./STAR_mapped/Skn_4Log.final.out ./STAR_mapped/Stom_1Log.final.out ./STAR_mapped/Stom_2Log.final.out ./STAR_mapped/TDPE_1Log.final.out ./STAR_mapped/TDPE_2Log.final.out ./STAR_mapped/TDPE_3Log.final.out ./STAR_mapped/TDPE_4Log.final.out ./STAR_mapped/Un1Log.final.out ./STAR_mapped/Un2Log.final.out ./STAR_mapped/Unext_1Log.final.out ./STAR_mapped/Unext_2Log.final.out ./STAR_mapped/Unext_3Log.final.out ./STAR_mapped/Unext_4Log.final.out
[2021-08-02 13:15:39,818] multiqc                                            [DEBUG  ]  Working dir : /home/administrator/Desktop/ExtraDrive1/Blair/VenomReg_RNA_ReMapping_July2021
[2021-08-02 13:15:39,818] multiqc                                            [INFO   ]  Template    : default
[2021-08-02 13:15:39,818] multiqc                                            [DEBUG  ]  Running Python 3.6.12 | packaged by conda-forge | (default, Dec  9 2020, 00:36:02)  [GCC 9.3.0]
[2021-08-02 13:15:39,820] multiqc                                            [INFO   ]  Searching   : /home/administrator/Desktop/ExtraDrive1/Blair/VenomReg_RNA_ReMapping_July2021/STAR_mapped/Lvr_11Log.final.out
[2021-08-02 13:15:39,820] multiqc                                            [INFO   ]  Searching   : /home/administrator/Desktop/ExtraDrive1/Blair/VenomReg_RNA_ReMapping_July2021/STAR_mapped/Lvr_4Log.final.out
[2021-08-02 13:15:39,820] multiqc                                            [INFO   ]  Searching   : /home/administrator/Desktop/ExtraDrive1/Blair/VenomReg_RNA_ReMapping_July2021/STAR_mapped/ODPE_1Log.final.out
[2021-08-02 13:15:39,821] multiqc                                            [INFO   ]  Searching   : /home/administrator/Desktop/ExtraDrive1/Blair/VenomReg_RNA_ReMapping_July2021/STAR_mapped/ODPE_2Log.final.out
[2021-08-02 13:15:39,821] multiqc                                            [INFO   ]  Searching   : /home/administrator/Desktop/ExtraDrive1/Blair/VenomReg_RNA_ReMapping_July2021/STAR_mapped/ODPE_3Log.final.out
[2021-08-02 13:15:39,821] multiqc                                            [INFO   ]  Searching   : /home/administrator/Desktop/ExtraDrive1/Blair/VenomReg_RNA_ReMapping_July2021/STAR_mapped/ODPE_4Log.final.out
[2021-08-02 13:15:39,821] multiqc                                            [INFO   ]  Searching   : /home/administrator/Desktop/ExtraDrive1/Blair/VenomReg_RNA_ReMapping_July2021/STAR_mapped/Panc_1Log.final.out
[2021-08-02 13:15:39,821] multiqc                                            [INFO   ]  Searching   : /home/administrator/Desktop/ExtraDrive1/Blair/VenomReg_RNA_ReMapping_July2021/STAR_mapped/Panc_2Log.final.out
[2021-08-02 13:15:39,821] multiqc                                            [INFO   ]  Searching   : /home/administrator/Desktop/ExtraDrive1/Blair/VenomReg_RNA_ReMapping_July2021/STAR_mapped/Pnc_11Log.final.out
[2021-08-02 13:15:39,821] multiqc                                            [INFO   ]  Searching   : /home/administrator/Desktop/ExtraDrive1/Blair/VenomReg_RNA_ReMapping_July2021/STAR_mapped/Pnc_4Log.final.out
[2021-08-02 13:15:39,821] multiqc                                            [INFO   ]  Searching   : /home/administrator/Desktop/ExtraDrive1/Blair/VenomReg_RNA_ReMapping_July2021/STAR_mapped/RVG_11Log.final.out
[2021-08-02 13:15:39,821] multiqc                                            [INFO   ]  Searching   : /home/administrator/Desktop/ExtraDrive1/Blair/VenomReg_RNA_ReMapping_July2021/STAR_mapped/RVG_4Log.final.out
[2021-08-02 13:15:39,821] multiqc                                            [INFO   ]  Searching   : /home/administrator/Desktop/ExtraDrive1/Blair/VenomReg_RNA_ReMapping_July2021/STAR_mapped/Skin_1Log.final.out
[2021-08-02 13:15:39,821] multiqc                                            [INFO   ]  Searching   : /home/administrator/Desktop/ExtraDrive1/Blair/VenomReg_RNA_ReMapping_July2021/STAR_mapped/Skin_2Log.final.out
[2021-08-02 13:15:39,822] multiqc                                            [INFO   ]  Searching   : /home/administrator/Desktop/ExtraDrive1/Blair/VenomReg_RNA_ReMapping_July2021/STAR_mapped/Skn_11Log.final.out
[2021-08-02 13:15:39,822] multiqc                                            [INFO   ]  Searching   : /home/administrator/Desktop/ExtraDrive1/Blair/VenomReg_RNA_ReMapping_July2021/STAR_mapped/Skn_4Log.final.out
[2021-08-02 13:15:39,822] multiqc                                            [INFO   ]  Searching   : /home/administrator/Desktop/ExtraDrive1/Blair/VenomReg_RNA_ReMapping_July2021/STAR_mapped/Stom_1Log.final.out
[2021-08-02 13:15:39,822] multiqc                                            [INFO   ]  Searching   : /home/administrator/Desktop/ExtraDrive1/Blair/VenomReg_RNA_ReMapping_July2021/STAR_mapped/Stom_2Log.final.out
[2021-08-02 13:15:39,822] multiqc                                            [INFO   ]  Searching   : /home/administrator/Desktop/ExtraDrive1/Blair/VenomReg_RNA_ReMapping_July2021/STAR_mapped/TDPE_1Log.final.out
[2021-08-02 13:15:39,822] multiqc                                            [INFO   ]  Searching   : /home/administrator/Desktop/ExtraDrive1/Blair/VenomReg_RNA_ReMapping_July2021/STAR_mapped/TDPE_2Log.final.out
[2021-08-02 13:15:39,822] multiqc                                            [INFO   ]  Searching   : /home/administrator/Desktop/ExtraDrive1/Blair/VenomReg_RNA_ReMapping_July2021/STAR_mapped/TDPE_3Log.final.out
[2021-08-02 13:15:39,822] multiqc                                            [INFO   ]  Searching   : /home/administrator/Desktop/ExtraDrive1/Blair/VenomReg_RNA_ReMapping_July2021/STAR_mapped/TDPE_4Log.final.out
[2021-08-02 13:15:39,822] multiqc                                            [INFO   ]  Searching   : /home/administrator/Desktop/ExtraDrive1/Blair/VenomReg_RNA_ReMapping_July2021/STAR_mapped/Un1Log.final.out
[2021-08-02 13:15:39,822] multiqc                                            [INFO   ]  Searching   : /home/administrator/Desktop/ExtraDrive1/Blair/VenomReg_RNA_ReMapping_July2021/STAR_mapped/Un2Log.final.out
[2021-08-02 13:15:39,822] multiqc                                            [INFO   ]  Searching   : /home/administrator/Desktop/ExtraDrive1/Blair/VenomReg_RNA_ReMapping_July2021/STAR_mapped/Unext_1Log.final.out
[2021-08-02 13:15:39,822] multiqc                                            [INFO   ]  Searching   : /home/administrator/Desktop/ExtraDrive1/Blair/VenomReg_RNA_ReMapping_July2021/STAR_mapped/Unext_2Log.final.out
[2021-08-02 13:15:39,822] multiqc                                            [INFO   ]  Searching   : /home/administrator/Desktop/ExtraDrive1/Blair/VenomReg_RNA_ReMapping_July2021/STAR_mapped/Unext_3Log.final.out
[2021-08-02 13:15:39,822] multiqc                                            [INFO   ]  Searching   : /home/administrator/Desktop/ExtraDrive1/Blair/VenomReg_RNA_ReMapping_July2021/STAR_mapped/Unext_4Log.final.out
[2021-08-02 13:15:39,824] multiqc                                            [DEBUG  ]  Analysing modules: custom_content, conpair, peddy, somalier, methylQA, mosdepth, phantompeakqualtools, qualimap, preseq, quast, qorts, rna_seqc, rockhopper, rsem, rseqc, busco, goleft_indexcov, disambiguate, supernova, deeptools, sargasso, verifybamid, mirtrace, happy, mirtop, homer, macs2, theta2, snpeff, gatk, htseq, bcftools, featureCounts, fgbio, dragen, dedup, damageprofiler, biobambam2, mtnucratio, picard, prokka, samblaster, samtools, sexdeterrmine, bamtools, jellyfish, vcftools, longranger, stacks, varscan2, bbmap, bismark, biscuit, hicexplorer, hicup, hicpro, salmon, kallisto, slamdunk, star, hisat2, tophat, bowtie2, bowtie1, snpsplit, kat, leehom, adapterRemoval, clipandmerge, cutadapt, flexbar, kaiju, kraken, malt, trimmomatic, sickle, skewer, sortmerna, biobloomtools, fastq_screen, afterqc, fastp, fastqc, pycoqc, minionqc, multivcfanalyzer, clusterflow, bcl2fastq, interop, ivar, flash, seqyclean
[2021-08-02 13:15:39,827] multiqc                                            [DEBUG  ]  Using temporary directory for creating report: /tmp/tmpi0pikua4
[2021-08-02 13:15:40,269] multiqc.plots.bargraph                             [DEBUG  ]  Using matplotlib version 3.3.4
[2021-08-02 13:15:40,270] multiqc.plots.linegraph                            [DEBUG  ]  Using matplotlib version 3.3.4
[2021-08-02 13:15:40,271] multiqc                                            [DEBUG  ]  No samples found: custom_content
[2021-08-02 13:15:40,275] multiqc                                            [DEBUG  ]  No samples found: conpair
[2021-08-02 13:15:40,281] multiqc                                            [DEBUG  ]  No samples found: peddy
[2021-08-02 13:15:40,286] multiqc                                            [DEBUG  ]  No samples found: somalier
[2021-08-02 13:15:40,290] multiqc                                            [DEBUG  ]  No samples found: methylQA
[2021-08-02 13:15:40,296] multiqc                                            [DEBUG  ]  No samples found: mosdepth
[2021-08-02 13:15:40,300] multiqc                                            [DEBUG  ]  No samples found: phantompeakqualtools
[2021-08-02 13:15:40,304] multiqc                                            [DEBUG  ]  No samples found: qualimap
[2021-08-02 13:15:40,309] multiqc                                            [DEBUG  ]  No samples found: preseq
[2021-08-02 13:15:40,312] multiqc                                            [DEBUG  ]  No samples found: quast
[2021-08-02 13:15:40,316] multiqc                                            [DEBUG  ]  No samples found: qorts
[2021-08-02 13:15:40,320] multiqc                                            [DEBUG  ]  No samples found: rna_seqc
[2021-08-02 13:15:40,324] multiqc                                            [DEBUG  ]  No samples found: rockhopper
[2021-08-02 13:15:40,328] multiqc                                            [DEBUG  ]  No samples found: rsem
[2021-08-02 13:15:40,334] multiqc                                            [DEBUG  ]  No samples found: rseqc
[2021-08-02 13:15:40,338] multiqc                                            [DEBUG  ]  No samples found: busco
[2021-08-02 13:15:40,343] multiqc                                            [DEBUG  ]  No samples found: goleft_indexcov
[2021-08-02 13:15:40,354] multiqc                                            [DEBUG  ]  No samples found: disambiguate
[2021-08-02 13:15:40,361] multiqc                                            [DEBUG  ]  No samples found: supernova
[2021-08-02 13:15:40,369] multiqc                                            [DEBUG  ]  No samples found: deeptools
[2021-08-02 13:15:40,373] multiqc                                            [DEBUG  ]  No samples found: sargasso
[2021-08-02 13:15:40,378] multiqc                                            [DEBUG  ]  No samples found: verifybamid
[2021-08-02 13:15:40,381] multiqc                                            [DEBUG  ]  No samples found: mirtrace
[2021-08-02 13:15:40,384] multiqc                                            [DEBUG  ]  No samples found: happy
[2021-08-02 13:15:40,388] multiqc                                            [DEBUG  ]  No samples found: mirtop
[2021-08-02 13:15:40,392] multiqc                                            [DEBUG  ]  No samples found: homer
[2021-08-02 13:15:40,395] multiqc                                            [DEBUG  ]  No samples found: macs2
[2021-08-02 13:15:40,399] multiqc                                            [DEBUG  ]  No samples found: theta2
[2021-08-02 13:15:40,406] multiqc                                            [DEBUG  ]  No samples found: snpeff
[2021-08-02 13:15:40,411] multiqc                                            [DEBUG  ]  No samples found: gatk
[2021-08-02 13:15:40,416] multiqc                                            [DEBUG  ]  No samples found: htseq
[2021-08-02 13:15:40,420] multiqc                                            [DEBUG  ]  No samples found: bcftools
[2021-08-02 13:15:40,424] multiqc                                            [DEBUG  ]  No samples found: featureCounts
[2021-08-02 13:15:40,428] multiqc                                            [DEBUG  ]  No samples found: fgbio
[2021-08-02 13:15:40,434] multiqc                                            [DEBUG  ]  No samples found: dragen
[2021-08-02 13:15:40,437] multiqc                                            [DEBUG  ]  No samples found: dedup
[2021-08-02 13:15:40,440] multiqc                                            [DEBUG  ]  No samples found: damageprofiler
[2021-08-02 13:15:40,451] multiqc                                            [DEBUG  ]  No samples found: biobambam2
[2021-08-02 13:15:40,456] multiqc                                            [DEBUG  ]  No samples found: mtnucratio
[2021-08-02 13:15:40,459] multiqc                                            [DEBUG  ]  No samples found: picard
[2021-08-02 13:15:40,463] multiqc                                            [DEBUG  ]  No samples found: prokka
[2021-08-02 13:15:40,468] multiqc                                            [DEBUG  ]  No samples found: samblaster
[2021-08-02 13:15:40,472] multiqc                                            [DEBUG  ]  No samples found: samtools
[2021-08-02 13:15:40,476] multiqc                                            [DEBUG  ]  No samples found: sexdeterrmine
[2021-08-02 13:15:40,480] multiqc                                            [DEBUG  ]  No samples found: bamtools
[2021-08-02 13:15:40,484] multiqc                                            [DEBUG  ]  No samples found: jellyfish
[2021-08-02 13:15:40,489] multiqc                                            [DEBUG  ]  No samples found: vcftools
[2021-08-02 13:15:40,493] multiqc                                            [DEBUG  ]  No samples found: longranger
[2021-08-02 13:15:40,497] multiqc                                            [DEBUG  ]  No samples found: stacks
[2021-08-02 13:15:40,501] multiqc                                            [DEBUG  ]  No samples found: varscan2
[2021-08-02 13:15:40,508] multiqc                                            [DEBUG  ]  No samples found: bbmap
[2021-08-02 13:15:40,512] multiqc                                            [DEBUG  ]  No samples found: bismark
[2021-08-02 13:15:40,515] multiqc                                            [DEBUG  ]  No samples found: biscuit
[2021-08-02 13:15:40,519] multiqc                                            [DEBUG  ]  No samples found: hicexplorer
[2021-08-02 13:15:40,524] multiqc                                            [DEBUG  ]  No samples found: hicup
[2021-08-02 13:15:40,527] multiqc                                            [DEBUG  ]  No samples found: hicpro
[2021-08-02 13:15:40,530] multiqc                                            [DEBUG  ]  No samples found: salmon
[2021-08-02 13:15:40,534] multiqc                                            [DEBUG  ]  No samples found: kallisto
[2021-08-02 13:15:40,538] multiqc                                            [DEBUG  ]  No samples found: slamdunk
[2021-08-02 13:15:40,742] multiqc.modules.star.star                          [INFO   ]  Found 28 reports
[2021-08-02 13:15:40,756] multiqc                                            [DEBUG  ]  No samples found: hisat2
[2021-08-02 13:15:40,760] multiqc                                            [DEBUG  ]  No samples found: tophat
[2021-08-02 13:15:40,766] multiqc                                            [DEBUG  ]  No samples found: bowtie2
[2021-08-02 13:15:40,770] multiqc                                            [DEBUG  ]  No samples found: bowtie1
[2021-08-02 13:15:40,774] multiqc                                            [DEBUG  ]  No samples found: snpsplit
[2021-08-02 13:15:40,777] multiqc                                            [DEBUG  ]  No samples found: kat
[2021-08-02 13:15:40,781] multiqc                                            [DEBUG  ]  No samples found: leehom
[2021-08-02 13:15:40,784] multiqc                                            [DEBUG  ]  No samples found: adapterRemoval
[2021-08-02 13:15:40,788] multiqc                                            [DEBUG  ]  No samples found: clipandmerge
[2021-08-02 13:15:40,791] multiqc                                            [DEBUG  ]  No samples found: cutadapt
[2021-08-02 13:15:40,801] multiqc                                            [DEBUG  ]  No samples found: flexbar
[2021-08-02 13:15:40,806] multiqc                                            [DEBUG  ]  No samples found: kaiju
[2021-08-02 13:15:40,810] multiqc                                            [DEBUG  ]  No samples found: kraken
[2021-08-02 13:15:40,813] multiqc                                            [DEBUG  ]  No samples found: malt
[2021-08-02 13:15:40,817] multiqc                                            [DEBUG  ]  No samples found: trimmomatic
[2021-08-02 13:15:40,820] multiqc                                            [DEBUG  ]  No samples found: sickle
[2021-08-02 13:15:40,824] multiqc                                            [DEBUG  ]  No samples found: skewer
[2021-08-02 13:15:40,827] multiqc                                            [DEBUG  ]  No samples found: sortmerna
[2021-08-02 13:15:40,831] multiqc                                            [DEBUG  ]  No samples found: biobloomtools
[2021-08-02 13:15:40,835] multiqc                                            [DEBUG  ]  No samples found: fastq_screen
[2021-08-02 13:15:40,839] multiqc                                            [DEBUG  ]  No samples found: afterqc
[2021-08-02 13:15:40,842] multiqc                                            [DEBUG  ]  No samples found: fastp
[2021-08-02 13:15:40,846] multiqc                                            [DEBUG  ]  No samples found: fastqc
[2021-08-02 13:15:40,849] multiqc                                            [DEBUG  ]  No samples found: pycoqc
[2021-08-02 13:15:40,853] multiqc                                            [DEBUG  ]  No samples found: minionqc
[2021-08-02 13:15:40,856] multiqc                                            [DEBUG  ]  No samples found: multivcfanalyzer
[2021-08-02 13:15:40,859] multiqc                                            [DEBUG  ]  No samples found: clusterflow
[2021-08-02 13:15:40,863] multiqc                                            [DEBUG  ]  No samples found: bcl2fastq
[2021-08-02 13:15:40,873] multiqc                                            [DEBUG  ]  No samples found: interop
[2021-08-02 13:15:40,878] multiqc                                            [DEBUG  ]  No samples found: ivar
[2021-08-02 13:15:40,883] multiqc                                            [DEBUG  ]  No samples found: flash
[2021-08-02 13:15:40,887] multiqc                                            [DEBUG  ]  No samples found: seqyclean
[2021-08-02 13:15:40,900] multiqc                                            [INFO   ]  Compressing plot data
[2021-08-02 13:15:40,907] multiqc                                            [WARNING]  Previous MultiQC output found! Adjusting filenames..
[2021-08-02 13:15:40,907] multiqc                                            [WARNING]  Use -f or --force to overwrite existing reports instead
[2021-08-02 13:15:40,907] multiqc                                            [INFO   ]  Report      : multiqc_report_1.html
[2021-08-02 13:15:40,907] multiqc                                            [INFO   ]  Data        : multiqc_data_1
[2021-08-02 13:15:40,907] multiqc                                            [DEBUG  ]  Moving data file from '/tmp/tmpi0pikua4/multiqc_data' to '/home/administrator/Desktop/ExtraDrive1/Blair/VenomReg_RNA_ReMapping_July2021/multiqc_data_1'
[2021-08-02 13:15:41,026] multiqc                                            [INFO   ]  MultiQC complete
